<?xml version="1.0" encoding="UTF-8"?>
<testsuites name="jest tests" tests="3" failures="0" errors="0" time="29.091">
  <testsuite name="Product API" errors="0" failures="0" skipped="0" timestamp="2026-03-23T15:56:37" time="28.701" tests="3">
    <testcase classname="Product API POST /api/products should create a new product" name="Product API POST /api/products should create a new product" time="0.094">
    </testcase>
    <testcase classname="Product API GET /api/products should return all products" name="Product API GET /api/products should return all products" time="0.038">
    </testcase>
    <testcase classname="Product API GET /api/products/:id should return a product by id" name="Product API GET /api/products/:id should return a product by id" time="0.024">
    </testcase>
  </testsuite>
</testsuites>